2016/01/04 08:38:45 [error] [exception.CHttpException.404] exception 'CHttpException' with message '无法解析请求 "expertteam/index"。' in D:\wamp\www\yii\framework\web\CWebApplication.php:286
Stack trace:
#0 D:\wamp\www\yii\framework\web\CWebApplication.php(141): CWebApplication->runController('expertteam/inde...')
#1 D:\wamp\www\yii\framework\base\CApplication.php(180): CWebApplication->processRequest()
#2 D:\wamp\www\mingyizhudao\index.php(13): CApplication->run()
#3 {main}
REQUEST_URI=/mingyizhudao/expertteam/index
---
2016/01/04 08:40:35 [error] [exception.CException] exception 'CException' with message 'ExpertteamController 无法找到请求的视图 "index".' in D:\wamp\www\yii\framework\web\CController.php:878
Stack trace:
#0 D:\wamp\www\yii\framework\web\CController.php(782): CController->renderPartial('index', NULL, true)
#1 D:\wamp\www\mingyizhudao\protected\controllers\ExpertteamController.php(42): CController->render('index')
#2 D:\wamp\www\yii\framework\web\actions\CInlineAction.php(49): ExpertteamController->actionIndex()
#3 D:\wamp\www\yii\framework\web\CController.php(308): CInlineAction->runWithParams(Array)
#4 D:\wamp\www\yii\framework\web\CController.php(286): CController->runAction(Object(CInlineAction))
#5 D:\wamp\www\yii\framework\web\CController.php(265): CController->runActionWithFilters(Object(CInlineAction), Array)
#6 D:\wamp\www\yii\framework\web\CWebApplication.php(282): CController->run('index')
#7 D:\wamp\www\yii\framework\web\CWebApplication.php(141): CWebApplication->runController('expertteam/inde...')
#8 D:\wamp\www\yii\framework\base\CApplication.php(180): CWebApplication->processRequest()
#9 D:\wamp\www\mingyizhudao\index.php(13): CApplication->run()
#10 {main}
REQUEST_URI=/mingyizhudao/expertteam/index
---
2016/01/04 08:41:22 [error] [php] Trying to get property of non-object (D:\wamp\www\mingyizhudao\protected\modules\mobile\MobileModule.php:49)
Stack trace:
#0 D:\wamp\www\yii\framework\YiiBase.php(206): MobileModule->__construct()
#1 D:\wamp\www\yii\framework\base\CModule.php(282): createComponent()
#2 D:\wamp\www\yii\framework\web\CWebApplication.php(337): CWebApplication->getModule()
#3 D:\wamp\www\yii\framework\web\CWebApplication.php(276): CWebApplication->createController()
#4 D:\wamp\www\yii\framework\web\CWebApplication.php(141): CWebApplication->runController()
#5 D:\wamp\www\yii\framework\base\CApplication.php(180): CWebApplication->processRequest()
#6 D:\wamp\www\mingyizhudao\index.php(13): CWebApplication->run()
REQUEST_URI=/mingyizhudao/
in D:\wamp\www\mingyizhudao\protected\modules\mobile\MobileModule.php (49)
in D:\wamp\www\mingyizhudao\protected\modules\mobile\MobileModule.php (31)
in D:\wamp\www\mingyizhudao\index.php (13)
2016/01/04 08:45:43 [error] [php] include(IExpertTeam.php): failed to open stream: No such file or directory (D:\wamp\www\yii\framework\YiiBase.php:427)
Stack trace:
#0 D:\wamp\www\mingyizhudao\protected\models\ExpertTeamManager.php(134): spl_autoload_call()
#1 D:\wamp\www\mingyizhudao\protected\models\ExpertTeamManager.php(10): ExpertTeamManager->convertToIExpertTeam()
#2 D:\wamp\www\mingyizhudao\protected\controllers\ApiController.php(190): ExpertTeamManager->loadAllIExpertTeams()
#3 unknown(0): ApiController->actionList()
#4 D:\wamp\www\yii\framework\web\actions\CAction.php(108): ReflectionMethod->invokeArgs()
#5 D:\wamp\www\yii\framework\web\actions\CInlineAction.php(47): CInlineAction->runWithParamsInternal()
#6 D:\wamp\www\yii\framework\web\CController.php(308): CInlineAction->runWithParams()
#7 D:\wamp\www\yii\framework\web\CController.php(286): ApiController->runAction()
#8 D:\wamp\www\yii\framework\web\CController.php(265): ApiController->runActionWithFilters()
#9 D:\wamp\www\yii\framework\web\CWebApplication.php(282): ApiController->run()
#10 D:\wamp\www\yii\framework\web\CWebApplication.php(141): CWebApplication->runController()
#11 D:\wamp\www\yii\framework\base\CApplication.php(180): CWebApplication->processRequest()
#12 D:\wamp\www\mingyizhudao\index.php(13): CWebApplication->run()
REQUEST_URI=/mingyizhudao/api/expertteam
in D:\wamp\www\mingyizhudao\protected\models\ExpertTeamManager.php (134)
in D:\wamp\www\mingyizhudao\protected\models\ExpertTeamManager.php (10)
in D:\wamp\www\mingyizhudao\protected\controllers\ApiController.php (190)
